Using pre-set license
Built from '2022.1/staging' branch; Version is '2022.1.9f1 (07e076b6d414) revision 516214'; Using compiler version '192829333'; Build Type 'Release'
OS: 'Windows 11  (10.0.22621) 64bit CoreCountrySpecific' Language: 'zh' Physical Memory: 15556 MB
BatchMode: 1, IsHumanControllingUs: 0, StartBugReporterOnCrash: 0, Is64bit: 1, IsPro: 1

COMMAND LINE ARGUMENTS:
D:\Unity\Unity 2022.1.9f1c1\Editor\Unity.exe
-adb2
-batchMode
-noUpm
-name
AssetImportWorker0
-projectPath
D:/UnityGames/1/New Unity Project
-logFile
Logs/AssetImportWorker0.log
-srvPort
52813
Successfully changed project path to: D:/UnityGames/1/New Unity Project
D:/UnityGames/1/New Unity Project
[UnityMemory] Configuration Parameters - Can be set up in boot.config
    "memorysetup-bucket-allocator-granularity=16"
    "memorysetup-bucket-allocator-bucket-count=8"
    "memorysetup-bucket-allocator-block-size=33554432"
    "memorysetup-bucket-allocator-block-count=8"
    "memorysetup-main-allocator-block-size=16777216"
    "memorysetup-thread-allocator-block-size=16777216"
    "memorysetup-gfx-main-allocator-block-size=16777216"
    "memorysetup-gfx-thread-allocator-block-size=16777216"
    "memorysetup-cache-allocator-block-size=4194304"
    "memorysetup-typetree-allocator-block-size=2097152"
    "memorysetup-profiler-bucket-allocator-granularity=16"
    "memorysetup-profiler-bucket-allocator-bucket-count=8"
    "memorysetup-profiler-bucket-allocator-block-size=33554432"
    "memorysetup-profiler-bucket-allocator-block-count=8"
    "memorysetup-profiler-allocator-block-size=16777216"
    "memorysetup-profiler-editor-allocator-block-size=1048576"
    "memorysetup-temp-allocator-size-main=16777216"
    "memorysetup-job-temp-allocator-block-size=2097152"
    "memorysetup-job-temp-allocator-block-size-background=1048576"
    "memorysetup-job-temp-allocator-reduction-small-platforms=262144"
    "memorysetup-temp-allocator-size-background-worker=32768"
    "memorysetup-temp-allocator-size-job-worker=262144"
    "memorysetup-temp-allocator-size-preload-manager=33554432"
    "memorysetup-temp-allocator-size-nav-mesh-worker=65536"
    "memorysetup-temp-allocator-size-audio-worker=65536"
    "memorysetup-temp-allocator-size-cloud-worker=32768"
    "memorysetup-temp-allocator-size-gi-baking-worker=262144"
    "memorysetup-temp-allocator-size-gfx=262144"
Refreshing native plugins compatible for Editor in 62.46 ms, found 3 plugins.
Preloading 0 native plugins for Editor in 0.00 ms.
Initialize engine version: 2022.1.9f1 (07e076b6d414)
[Subsystems] Discovering subsystems at path D:/Unity/Unity 2022.1.9f1c1/Editor/Data/Resources/UnitySubsystems
[Subsystems] Discovering subsystems at path D:/UnityGames/1/New Unity Project/Assets
GfxDevice: creating device client; threaded=0; jobified=0
Direct3D:
    Version:  Direct3D 11.0 [level 11.1]
    Renderer: NVIDIA GeForce RTX 3060 Laptop GPU (ID=0x2560)
    Vendor:   NVIDIA
    VRAM:     6023 MB
    Driver:   30.0.15.1298
Initialize mono
Mono path[0] = 'D:/Unity/Unity 2022.1.9f1c1/Editor/Data/Managed'
Mono path[1] = 'D:/Unity/Unity 2022.1.9f1c1/Editor/Data/MonoBleedingEdge/lib/mono/unityjit-win32'
Mono config path = 'D:/Unity/Unity 2022.1.9f1c1/Editor/Data/MonoBleedingEdge/etc'
Using monoOptions --debugger-agent=transport=dt_socket,embedding=1,server=y,suspend=n,address=127.0.0.1:56332
Begin MonoManager ReloadAssembly
Registering precompiled unity dll's ...
Register platform support module: D:/Unity/Unity 2022.1.9f1c1/Editor/Data/PlaybackEngines/WindowsStandaloneSupport/UnityEditor.WindowsStandalone.Extensions.dll
Registered in 0.001550 seconds.
Native extension for WindowsStandalone target not found
Refreshing native plugins compatible for Editor in 59.40 ms, found 3 plugins.
Preloading 0 native plugins for Editor in 0.00 ms.
Mono: successfully reloaded assembly
- Completed reload, in  0.586 seconds
Domain Reload Profiling:
	ReloadAssembly (586ms)
		BeginReloadAssembly (69ms)
			ExecutionOrderSort (0ms)
			DisableScriptedObjects (0ms)
			BackupInstance (0ms)
			ReleaseScriptingObjects (0ms)
			CreateAndSetChildDomain (1ms)
		EndReloadAssembly (432ms)
			LoadAssemblies (69ms)
			RebuildTransferFunctionScriptingTraits (0ms)
			SetupTypeCache (100ms)
				TypeCache.Initialize (100ms)
					TypeCache.ScanAssembly (98ms)
				ResolveRequiredComponents (0ms)
			ReleaseScriptCaches (0ms)
			RebuildScriptCaches (25ms)
			SetupLoadedEditorAssemblies (260ms)
				LogAssemblyErrors (0ms)
				InitializePlatformSupportModulesInManaged (7ms)
				SetLoadedEditorAssemblies (8ms)
				RefreshPlugins (60ms)
				BeforeProcessingInitializeOnLoad (1ms)
				ProcessInitializeOnLoadAttributes (129ms)
				ProcessInitializeOnLoadMethodAttributes (55ms)
				AfterProcessingInitializeOnLoad (0ms)
				EditorAssembliesLoaded (0ms)
			ExecutionOrderSort2 (0ms)
			AwakeInstancesAfterBackupRestoration (0ms)
Platform modules already initialized, skipping
Registering precompiled user dll's ...
Registered in 0.006818 seconds.
Begin MonoManager ReloadAssembly
Symbol file LoadedFromMemory doesn't match image D:\UnityGames\1\New Unity Project\Library\PackageCache\com.unity.visualscripting@1.7.8\Editor\VisualScripting.Core\Dependencies\YamlDotNet\Unity.VisualScripting.YamlDotNet.dll
Symbol file LoadedFromMemory doesn't match image D:\UnityGames\1\New Unity Project\Library\PackageCache\com.unity.visualscripting@1.7.8\Editor\VisualScripting.Core\Dependencies\DotNetZip\Unity.VisualScripting.IonicZip.dll
Native extension for WindowsStandalone target not found
Refreshing native plugins compatible for Editor in 0.97 ms, found 3 plugins.
Preloading 0 native plugins for Editor in 0.00 ms.
Mono: successfully reloaded assembly
- Completed reload, in  1.024 seconds
Domain Reload Profiling:
	ReloadAssembly (1025ms)
		BeginReloadAssembly (113ms)
			ExecutionOrderSort (0ms)
			DisableScriptedObjects (4ms)
			BackupInstance (0ms)
			ReleaseScriptingObjects (0ms)
			CreateAndSetChildDomain (24ms)
		EndReloadAssembly (802ms)
			LoadAssemblies (88ms)
			RebuildTransferFunctionScriptingTraits (0ms)
			SetupTypeCache (249ms)
				TypeCache.Initialize (246ms)
					TypeCache.ScanAssembly (241ms)
				ResolveRequiredComponents (3ms)
			ReleaseScriptCaches (1ms)
			RebuildScriptCaches (49ms)
			SetupLoadedEditorAssemblies (367ms)
				LogAssemblyErrors (0ms)
				InitializePlatformSupportModulesInManaged (5ms)
				SetLoadedEditorAssemblies (8ms)
				RefreshPlugins (1ms)
				BeforeProcessingInitializeOnLoad (72ms)
				ProcessInitializeOnLoadAttributes (244ms)
				ProcessInitializeOnLoadMethodAttributes (36ms)
				AfterProcessingInitializeOnLoad (2ms)
				EditorAssembliesLoaded (0ms)
			ExecutionOrderSort2 (0ms)
			AwakeInstancesAfterBackupRestoration (14ms)
Platform modules already initialized, skipping
========================================================================
Worker process is ready to serve import requests
Launched and connected shader compiler UnityShaderCompiler.exe after 0.09 seconds
Refreshing native plugins compatible for Editor in 1.46 ms, found 3 plugins.
Preloading 0 native plugins for Editor in 0.00 ms.
Unloading 3393 Unused Serialized files (Serialized files now loaded: 0)
Unloading 26 unused Assets / (58.0 KB). Loaded Objects now: 3853.
Memory consumption went from 0.51 GB to 0.51 GB.
Total: 3.260400 ms (FindLiveObjects: 0.252100 ms CreateObjectMapping: 0.208500 ms MarkObjects: 2.721400 ms  DeleteObjects: 0.077300 ms)

AssetImportParameters requested are different than current active one (requested -> active):
  custom:video-decoder-ogg-theora: a1e56fd34408186e4bbccfd4996cb3dc -> 
  custom:container-muxer-webm: aa71ff27fc2769a1b78a27578f13a17b -> 
  custom:container-demuxer-webm: 4f35f7cbe854078d1ac9338744f61a02 -> 
  custom:video-encoder-webm-vp8: eb34c28f22e8b96e1ab97ce403110664 -> 
  custom:video-codec-MediaFoundation-h265: 746d11721c4dcdbdad8f713fa42b33f4 -> 
  custom:audio-encoder-webm-vorbis: bf7c407c2cedff20999df2af8eb42d56 -> 
  custom:framework-win-MediaFoundation: 216162199b28c13a410421893ffa2e32 -> 
  custom:container-demuxer-ogg: 62fdf1f143b41e24485cea50d1cbac27 -> 
  custom:video-decoder-webm-vp8: 9c59270c3fd7afecdb556c50c9e8de78 -> 
  custom:audio-decoder-ogg-vorbis: bf7c407c2cedff20999df2af8eb42d56 -> 
========================================================================
Received Import Request.
  Time since last request: 43430.102066 seconds.
  path: Assets/Scenes/SampleScene.unity
  artifactKey: Guid(9fc0d4010bbf28b4594072e72b8655ab) Importer(815301076,1909f56bfc062723c751e8b465ee728b)
Start importing Assets/Scenes/SampleScene.unity using Guid(9fc0d4010bbf28b4594072e72b8655ab) Importer(815301076,1909f56bfc062723c751e8b465ee728b)  -> (artifact id: 'f06ff7518c93fa7a16f3a53a85d38f58') in 0.030325 seconds 
========================================================================
Received Import Request.
  Time since last request: 22.771386 seconds.
  path: Assets/Modules
  artifactKey: Guid(f5767e0404575aa4e98f7ffb8c2adad1) Importer(815301076,1909f56bfc062723c751e8b465ee728b)
Start importing Assets/Modules using Guid(f5767e0404575aa4e98f7ffb8c2adad1) Importer(815301076,1909f56bfc062723c751e8b465ee728b)  -> (artifact id: '34a69959ffbfb834de7ae51f5384b3d3') in 0.001407 seconds 
========================================================================
Received Import Request.
  Time since last request: 8.875051 seconds.
  path: Assets/Module
  artifactKey: Guid(f5767e0404575aa4e98f7ffb8c2adad1) Importer(815301076,1909f56bfc062723c751e8b465ee728b)
Start importing Assets/Module using Guid(f5767e0404575aa4e98f7ffb8c2adad1) Importer(815301076,1909f56bfc062723c751e8b465ee728b)  -> (artifact id: '0053e6d8a376e0ab645453228f894f6d') in 0.001376 seconds 
========================================================================
Received Import Request.
  Time since last request: 7.406513 seconds.
  path: Assets/Module/GenShin
  artifactKey: Guid(a02af9f4a16d3f3458107f36b72355be) Importer(815301076,1909f56bfc062723c751e8b465ee728b)
Start importing Assets/Module/GenShin using Guid(a02af9f4a16d3f3458107f36b72355be) Importer(815301076,1909f56bfc062723c751e8b465ee728b)  -> (artifact id: 'c31a7044b1fafa300f6ee9b109644168') in 0.001309 seconds 
========================================================================
Received Import Request.
  Time since last request: 13.289802 seconds.
  path: Assets/Module/GenShin/纳西妲
  artifactKey: Guid(940f8f1a6e23ef4418ba52a7166c2847) Importer(815301076,1909f56bfc062723c751e8b465ee728b)
Start importing Assets/Module/GenShin/纳西妲 using Guid(940f8f1a6e23ef4418ba52a7166c2847) Importer(815301076,1909f56bfc062723c751e8b465ee728b)  -> (artifact id: '42a1513e15f762350634010d154c0bf1') in 0.001233 seconds 
========================================================================
Received Import Request.
  Time since last request: 14.634956 seconds.
  path: Assets/Module/GenShin/纳西妲.fbx
  artifactKey: Guid(ca2cd7b2a29b09149bd27e0991d96082) Importer(815301076,1909f56bfc062723c751e8b465ee728b)
Start importing Assets/Module/GenShin/纳西妲.fbx using Guid(ca2cd7b2a29b09149bd27e0991d96082) Importer(815301076,1909f56bfc062723c751e8b465ee728b)  -> (artifact id: '808877b5e567415158fb86315b439280') in 0.498024 seconds 
========================================================================
Received Import Request.
  Time since last request: 112.081666 seconds.
  path: Assets/Module/GenShin/纳西妲/tex
  artifactKey: Guid(fdfeb9b6d6342894dad6c646be401272) Importer(815301076,1909f56bfc062723c751e8b465ee728b)
Start importing Assets/Module/GenShin/纳西妲/tex using Guid(fdfeb9b6d6342894dad6c646be401272) Importer(815301076,1909f56bfc062723c751e8b465ee728b)  -> (artifact id: '29c0c5bb6964576f7fe191cce35a8ad4') in 0.003717 seconds 
========================================================================
Received Import Request.
  Time since last request: 0.047881 seconds.
  path: Assets/Module/GenShin/纳西妲/tex/spa_h.png
  artifactKey: Guid(60646950f313c2c418d3089d6c325cac) Importer(815301076,1909f56bfc062723c751e8b465ee728b)
Start importing Assets/Module/GenShin/纳西妲/tex/spa_h.png using Guid(60646950f313c2c418d3089d6c325cac) Importer(815301076,1909f56bfc062723c751e8b465ee728b)  -> (artifact id: 'b0e5517b3575075ff6725fb830a70992') in 0.041868 seconds 
========================================================================
Received Import Request.
  Time since last request: 0.000020 seconds.
  path: Assets/Module/GenShin/纳西妲/tex/肌.png
  artifactKey: Guid(ad0f7ffa5f918864ba8b88e1e54164c4) Importer(815301076,1909f56bfc062723c751e8b465ee728b)
Start importing Assets/Module/GenShin/纳西妲/tex/肌.png using Guid(ad0f7ffa5f918864ba8b88e1e54164c4) Importer(815301076,1909f56bfc062723c751e8b465ee728b)  -> (artifact id: '60905be563c90d06de48dc9bd751fc3b') in 0.034223 seconds 
========================================================================
Received Import Request.
  Time since last request: 0.000016 seconds.
  path: Assets/Module/GenShin/纳西妲/tex/颜.png
  artifactKey: Guid(65815c2c0a9be46479f4d5bf8d7574b6) Importer(815301076,1909f56bfc062723c751e8b465ee728b)
Start importing Assets/Module/GenShin/纳西妲/tex/颜.png using Guid(65815c2c0a9be46479f4d5bf8d7574b6) Importer(815301076,1909f56bfc062723c751e8b465ee728b)  -> (artifact id: '0422634544792b1b29f73c7da70b8d8d') in 0.009226 seconds 
========================================================================
Received Import Request.
  Time since last request: 0.000024 seconds.
  path: Assets/Module/GenShin/纳西妲/tex/髮1.png
  artifactKey: Guid(807273ff0949ad340a71ec8f0711562c) Importer(815301076,1909f56bfc062723c751e8b465ee728b)
Start importing Assets/Module/GenShin/纳西妲/tex/髮1.png using Guid(807273ff0949ad340a71ec8f0711562c) Importer(815301076,1909f56bfc062723c751e8b465ee728b)  -> (artifact id: '3d7f6ef0e17e8e3041c44be64960d970') in 0.008607 seconds 
========================================================================
Received Import Request.
  Time since last request: 21.540990 seconds.
  path: Assets/Module/GenShin/纳西妲/sph/s1.bmp
  artifactKey: Guid(d17659d6f675178499c7e5152db883d3) Importer(815301076,1909f56bfc062723c751e8b465ee728b)
Start importing Assets/Module/GenShin/纳西妲/sph/s1.bmp using Guid(d17659d6f675178499c7e5152db883d3) Importer(815301076,1909f56bfc062723c751e8b465ee728b)  -> (artifact id: '0aeadd1215d9fbcf0362ec2d2b955c1d') in 0.026992 seconds 
========================================================================
Received Import Request.
  Time since last request: 229.174089 seconds.
  path: Assets/Module/GenShin/纳西妲/Materials/体1.mat
  artifactKey: Guid(245d1301134435a47ba790e7c0a8ef01) Importer(815301076,1909f56bfc062723c751e8b465ee728b)
Start importing Assets/Module/GenShin/纳西妲/Materials/体1.mat using Guid(245d1301134435a47ba790e7c0a8ef01) Importer(815301076,1909f56bfc062723c751e8b465ee728b)  -> (artifact id: '70eb77a7e1931595db655c506651f7dc') in 0.091375 seconds 
========================================================================
Received Import Request.
  Time since last request: 0.000024 seconds.
  path: Assets/Module/GenShin/纳西妲/Materials/颜.mat
  artifactKey: Guid(2f6705f9037b4a54382df9ed06b3a97e) Importer(815301076,1909f56bfc062723c751e8b465ee728b)
Start importing Assets/Module/GenShin/纳西妲/Materials/颜.mat using Guid(2f6705f9037b4a54382df9ed06b3a97e) Importer(815301076,1909f56bfc062723c751e8b465ee728b)  -> (artifact id: 'b241aa6588ac438d888cc7a8d38c9500') in 0.053541 seconds 
========================================================================
Received Import Request.
  Time since last request: 0.000029 seconds.
  path: Assets/Module/GenShin/纳西妲/Materials/髮1.mat
  artifactKey: Guid(c3d01ba87cec76a41814d2b105a5fa30) Importer(815301076,1909f56bfc062723c751e8b465ee728b)
Start importing Assets/Module/GenShin/纳西妲/Materials/髮1.mat using Guid(c3d01ba87cec76a41814d2b105a5fa30) Importer(815301076,1909f56bfc062723c751e8b465ee728b)  -> (artifact id: '165615d9006d65a6186548e2fd686f52') in 0.008812 seconds 
========================================================================
Received Import Request.
  Time since last request: 746.053308 seconds.
  path: Assets/Module/GenShin/纳西妲/sph/Materials
  artifactKey: Guid(e7ce61ffc63ef5a4b983f5682756fbd8) Importer(815301076,1909f56bfc062723c751e8b465ee728b)
Start importing Assets/Module/GenShin/纳西妲/sph/Materials using Guid(e7ce61ffc63ef5a4b983f5682756fbd8) Importer(815301076,1909f56bfc062723c751e8b465ee728b)  -> (artifact id: '439a6b871b313c746c53123a402ab5a0') in 0.001288 seconds 
========================================================================
Received Import Request.
  Time since last request: 36.099657 seconds.
  path: Assets/Module/GenShin/纳西妲/Materials/spa_h.mat
  artifactKey: Guid(496e54590ff23254d9a7c00b12383129) Importer(815301076,1909f56bfc062723c751e8b465ee728b)
Start importing Assets/Module/GenShin/纳西妲/Materials/spa_h.mat using Guid(496e54590ff23254d9a7c00b12383129) Importer(815301076,1909f56bfc062723c751e8b465ee728b)  -> (artifact id: '7e2769c9b63e73f9627c69642a324084') in 0.074705 seconds 
========================================================================
Received Import Request.
  Time since last request: 0.000021 seconds.
  path: Assets/Module/GenShin/纳西妲/Materials/颜.mat
  artifactKey: Guid(2f6705f9037b4a54382df9ed06b3a97e) Importer(815301076,1909f56bfc062723c751e8b465ee728b)
Start importing Assets/Module/GenShin/纳西妲/Materials/颜.mat using Guid(2f6705f9037b4a54382df9ed06b3a97e) Importer(815301076,1909f56bfc062723c751e8b465ee728b)  -> (artifact id: 'f326612708137e4761c15e9ead3a444d') in 0.069488 seconds 
========================================================================
Received Import Request.
  Time since last request: 0.000027 seconds.
  path: Assets/Module/GenShin/纳西妲/Materials/肌.mat
  artifactKey: Guid(3d506b79ddf3255458f4e8c48224d8ce) Importer(815301076,1909f56bfc062723c751e8b465ee728b)
Start importing Assets/Module/GenShin/纳西妲/Materials/肌.mat using Guid(3d506b79ddf3255458f4e8c48224d8ce) Importer(815301076,1909f56bfc062723c751e8b465ee728b)  -> (artifact id: '4764b23756f12589932c77f6674f0ea1') in 0.042112 seconds 
========================================================================
Received Import Request.
  Time since last request: 0.000024 seconds.
  path: Assets/Module/GenShin/纳西妲/Materials/髮1.mat
  artifactKey: Guid(c3d01ba87cec76a41814d2b105a5fa30) Importer(815301076,1909f56bfc062723c751e8b465ee728b)
Start importing Assets/Module/GenShin/纳西妲/Materials/髮1.mat using Guid(c3d01ba87cec76a41814d2b105a5fa30) Importer(815301076,1909f56bfc062723c751e8b465ee728b)  -> (artifact id: '8e437065862eb9057af0e90057cf56e9') in 0.008763 seconds 
========================================================================
Received Import Request.
  Time since last request: 37.326842 seconds.
  path: Assets/Module/GenShin/纳西妲/sph/Materials/s1.mat
  artifactKey: Guid(751647038f1e49b49987db594f52d5fb) Importer(815301076,1909f56bfc062723c751e8b465ee728b)
Start importing Assets/Module/GenShin/纳西妲/sph/Materials/s1.mat using Guid(751647038f1e49b49987db594f52d5fb) Importer(815301076,1909f56bfc062723c751e8b465ee728b)  -> (artifact id: 'c3c9b061d9270da5e2176ed0553e2f8e') in 0.007005 seconds 
========================================================================
Received Import Request.
  Time since last request: 199.883833 seconds.
  path: Assets/Module/GenShin/纳西妲/Materials/spa_h 2.mat
  artifactKey: Guid(44b57fb42a415b04992d4c168a71e7ff) Importer(815301076,1909f56bfc062723c751e8b465ee728b)
Start importing Assets/Module/GenShin/纳西妲/Materials/spa_h 2.mat using Guid(44b57fb42a415b04992d4c168a71e7ff) Importer(815301076,1909f56bfc062723c751e8b465ee728b)  -> (artifact id: 'd408664cb2a8c4e17c71dba0c25aab92') in 0.112591 seconds 
========================================================================
Received Prepare
Couldn't register non-exiting asset root folder: 'Assets'
Assertion failed on expression: 'success'
Trying to reload asset but can't find object on disk
Trying to reload asset but can't find object on disk
Trying to reload asset but can't find object on disk
Trying to reload asset but can't find object on disk
Trying to reload asset but can't find object on disk
Trying to reload asset but can't find object on disk
Trying to reload asset but can't find object on disk
Trying to reload asset but can't find object on disk
Trying to reload asset but can't find object on disk
Trying to reload asset but can't find object on disk
Trying to reload asset but can't find object on disk
Trying to reload asset but can't find object on disk
Trying to reload asset but can't find object on disk
Trying to reload asset but can't find object on disk
Trying to reload asset but can't find object on disk
Trying to reload asset but can't find object on disk
Trying to reload asset but can't find object on disk
Trying to reload asset but can't find object on disk
Trying to reload asset but can't find object on disk
Registering precompiled user dll's ...
Registered in 0.004527 seconds.
Begin MonoManager ReloadAssembly
Symbol file LoadedFromMemory doesn't match image D:\UnityGames\1\New Unity Project\Library\PackageCache\com.unity.visualscripting@1.7.8\Editor\VisualScripting.Core\Dependencies\YamlDotNet\Unity.VisualScripting.YamlDotNet.dll
Symbol file LoadedFromMemory doesn't match image D:\UnityGames\1\New Unity Project\Library\PackageCache\com.unity.visualscripting@1.7.8\Editor\VisualScripting.Core\Dependencies\DotNetZip\Unity.VisualScripting.IonicZip.dll
Native extension for WindowsStandalone target not found
Refreshing native plugins compatible for Editor in 0.66 ms, found 3 plugins.
Preloading 0 native plugins for Editor in 0.00 ms.
Mono: successfully reloaded assembly
- Completed reload, in  0.839 seconds
Domain Reload Profiling:
	ReloadAssembly (839ms)
		BeginReloadAssembly (215ms)
			ExecutionOrderSort (0ms)
			DisableScriptedObjects (12ms)
			BackupInstance (0ms)
			ReleaseScriptingObjects (0ms)
			CreateAndSetChildDomain (97ms)
		EndReloadAssembly (551ms)
			LoadAssemblies (82ms)
			RebuildTransferFunctionScriptingTraits (0ms)
			SetupTypeCache (171ms)
				TypeCache.Initialize (168ms)
					TypeCache.ScanAssembly (161ms)
				ResolveRequiredComponents (3ms)
			ReleaseScriptCaches (1ms)
			RebuildScriptCaches (33ms)
			SetupLoadedEditorAssemblies (241ms)
				LogAssemblyErrors (0ms)
				InitializePlatformSupportModulesInManaged (9ms)
				SetLoadedEditorAssemblies (5ms)
				RefreshPlugins (1ms)
				BeforeProcessingInitializeOnLoad (45ms)
				ProcessInitializeOnLoadAttributes (156ms)
				ProcessInitializeOnLoadMethodAttributes (23ms)
				AfterProcessingInitializeOnLoad (2ms)
				EditorAssembliesLoaded (0ms)
			ExecutionOrderSort2 (0ms)
			AwakeInstancesAfterBackupRestoration (13ms)
Platform modules already initialized, skipping
Refreshing native plugins compatible for Editor in 1.37 ms, found 3 plugins.
Preloading 0 native plugins for Editor in 0.00 ms.
Unloading 3256 Unused Serialized files (Serialized files now loaded: 0)
Unloading 18 unused Assets / (25.4 KB). Loaded Objects now: 3902.
Memory consumption went from 508.3 MB to 508.2 MB.
Total: 4.146400 ms (FindLiveObjects: 0.273300 ms CreateObjectMapping: 0.146900 ms MarkObjects: 3.679300 ms  DeleteObjects: 0.045300 ms)

AssetImportParameters requested are different than current active one (requested -> active):
  custom:video-decoder-ogg-theora: a1e56fd34408186e4bbccfd4996cb3dc -> 
  custom:container-muxer-webm: aa71ff27fc2769a1b78a27578f13a17b -> 
  custom:container-demuxer-webm: 4f35f7cbe854078d1ac9338744f61a02 -> 
  custom:video-encoder-webm-vp8: eb34c28f22e8b96e1ab97ce403110664 -> 
  custom:video-codec-MediaFoundation-h265: 746d11721c4dcdbdad8f713fa42b33f4 -> 
  custom:audio-encoder-webm-vorbis: bf7c407c2cedff20999df2af8eb42d56 -> 
  custom:framework-win-MediaFoundation: 216162199b28c13a410421893ffa2e32 -> 
  custom:container-demuxer-ogg: 62fdf1f143b41e24485cea50d1cbac27 -> 
  custom:video-decoder-webm-vp8: 9c59270c3fd7afecdb556c50c9e8de78 -> 
  custom:audio-decoder-ogg-vorbis: bf7c407c2cedff20999df2af8eb42d56 -> 
